
> wangfeng-fan-website@0.0.0 dev /Users/yger/WithFaith/wangfeng-fan-website/frontend
> vite


  VITE v6.3.6  ready in 97 ms

  ➜  Local:   http://localhost:1997/
  ➜  Network: http://192.168.88.104:1997/
  ➜  Network: http://169.254.129.11:1997/
[vite:css][postcss] @import must precede all other statements (besides @charset or empty @layer)
4  |  
5  |  /* Highlight.js theme for code syntax highlighting */
6  |  @import 'highlight.js/styles/github-dark.css';
   |  ^^^^^^^^^^^^^^^^^^^^^^^^^^^^^^^^^^^^^^^^^^^^^^
7  |  
8  |  @layer base {
17:25:48 [vite] (client) hmr update /src/components/pages/TourDates.tsx, /src/index.css
[vite:css][postcss] @import must precede all other statements (besides @charset or empty @layer)
4  |  
5  |  /* Highlight.js theme for code syntax highlighting */
6  |  @import 'highlight.js/styles/github-dark.css';
   |  ^^^^^^^^^^^^^^^^^^^^^^^^^^^^^^^^^^^^^^^^^^^^^^
7  |  
8  |  @layer base {
17:26:29 [vite] (client) hmr update /src/components/pages/TourDates.tsx, /src/index.css
[vite:css][postcss] @import must precede all other statements (besides @charset or empty @layer)
4  |  
5  |  /* Highlight.js theme for code syntax highlighting */
6  |  @import 'highlight.js/styles/github-dark.css';
   |  ^^^^^^^^^^^^^^^^^^^^^^^^^^^^^^^^^^^^^^^^^^^^^^
7  |  
8  |  @layer base {
17:27:45 [vite] (client) hmr update /src/components/layout/Header.tsx, /src/index.css
[vite:css][postcss] @import must precede all other statements (besides @charset or empty @layer)
4  |  
5  |  /* Highlight.js theme for code syntax highlighting */
6  |  @import 'highlight.js/styles/github-dark.css';
   |  ^^^^^^^^^^^^^^^^^^^^^^^^^^^^^^^^^^^^^^^^^^^^^^
7  |  
8  |  @layer base {
17:28:29 [vite] (client) hmr update /src/components/layout/Header.tsx, /src/index.css
[vite:css][postcss] @import must precede all other statements (besides @charset or empty @layer)
4  |  
5  |  /* Highlight.js theme for code syntax highlighting */
6  |  @import 'highlight.js/styles/github-dark.css';
   |  ^^^^^^^^^^^^^^^^^^^^^^^^^^^^^^^^^^^^^^^^^^^^^^
7  |  
8  |  @layer base {
17:29:34 [vite] (client) hmr update /src/components/layout/Header.tsx, /src/index.css
[vite:css][postcss] @import must precede all other statements (besides @charset or empty @layer)
4  |  
5  |  /* Highlight.js theme for code syntax highlighting */
6  |  @import 'highlight.js/styles/github-dark.css';
   |  ^^^^^^^^^^^^^^^^^^^^^^^^^^^^^^^^^^^^^^^^^^^^^^
7  |  
8  |  @layer base {
17:29:42 [vite] (client) hmr update /src/components/layout/Header.tsx, /src/index.css
[vite:css][postcss] @import must precede all other statements (besides @charset or empty @layer)
4  |  
5  |  /* Highlight.js theme for code syntax highlighting */
6  |  @import 'highlight.js/styles/github-dark.css';
   |  ^^^^^^^^^^^^^^^^^^^^^^^^^^^^^^^^^^^^^^^^^^^^^^
7  |  
8  |  @layer base {
17:29:52 [vite] (client) hmr update /src/components/layout/Header.tsx, /src/index.css
[vite:css][postcss] @import must precede all other statements (besides @charset or empty @layer)
4  |  
5  |  /* Highlight.js theme for code syntax highlighting */
6  |  @import 'highlight.js/styles/github-dark.css';
   |  ^^^^^^^^^^^^^^^^^^^^^^^^^^^^^^^^^^^^^^^^^^^^^^
7  |  
8  |  @layer base {
17:33:24 [vite] (client) hmr update /src/components/layout/Header.tsx, /src/index.css
[vite:css][postcss] @import must precede all other statements (besides @charset or empty @layer)
4  |  
5  |  /* Highlight.js theme for code syntax highlighting */
6  |  @import 'highlight.js/styles/github-dark.css';
   |  ^^^^^^^^^^^^^^^^^^^^^^^^^^^^^^^^^^^^^^^^^^^^^^
7  |  
8  |  @layer base {
17:33:46 [vite] (client) hmr update /src/components/layout/Header.tsx, /src/index.css
[vite:css][postcss] @import must precede all other statements (besides @charset or empty @layer)
4  |  
5  |  /* Highlight.js theme for code syntax highlighting */
6  |  @import 'highlight.js/styles/github-dark.css';
   |  ^^^^^^^^^^^^^^^^^^^^^^^^^^^^^^^^^^^^^^^^^^^^^^
7  |  
8  |  @layer base {
17:34:12 [vite] (client) hmr update /src/components/layout/Header.tsx, /src/index.css
[vite:css][postcss] @import must precede all other statements (besides @charset or empty @layer)
4  |  
5  |  /* Highlight.js theme for code syntax highlighting */
6  |  @import 'highlight.js/styles/github-dark.css';
   |  ^^^^^^^^^^^^^^^^^^^^^^^^^^^^^^^^^^^^^^^^^^^^^^
7  |  
8  |  @layer base {
17:35:28 [vite] (client) hmr update /src/components/layout/Header.tsx, /src/index.css
[vite:css][postcss] @import must precede all other statements (besides @charset or empty @layer)
4  |  
5  |  /* Highlight.js theme for code syntax highlighting */
6  |  @import 'highlight.js/styles/github-dark.css';
   |  ^^^^^^^^^^^^^^^^^^^^^^^^^^^^^^^^^^^^^^^^^^^^^^
7  |  
8  |  @layer base {
18:03:27 [vite] (client) hmr update /src/components/pages/PublishSchedule.tsx, /src/index.css
[vite:css][postcss] @import must precede all other statements (besides @charset or empty @layer)
4  |  
5  |  /* Highlight.js theme for code syntax highlighting */
6  |  @import 'highlight.js/styles/github-dark.css';
   |  ^^^^^^^^^^^^^^^^^^^^^^^^^^^^^^^^^^^^^^^^^^^^^^
7  |  
8  |  @layer base {
